0 info it worked if it ends with ok
1 verbose cli [ '/home/eegodinez/.nvm/versions/node/v4.9.1/bin/node',
1 verbose cli   '/home/eegodinez/.nvm/versions/node/v4.9.1/bin/npm',
1 verbose cli   'run',
1 verbose cli   'dev' ]
2 info using npm@2.15.11
3 info using node@v4.9.1
4 verbose run-script [ 'predev', 'dev', 'postdev' ]
5 info predev ads@0.1.0
6 info dev ads@0.1.0
7 verbose unsafe-perm in lifecycle true
8 info ads@0.1.0 Failed to exec dev script
9 verbose stack Error: ads@0.1.0 dev: `ts-node ./lib/server.ts`
9 verbose stack spawn ENOENT
9 verbose stack     at ChildProcess.<anonymous> (/home/eegodinez/.nvm/versions/node/v4.9.1/lib/node_modules/npm/lib/utils/spawn.js:17:16)
9 verbose stack     at emitTwo (events.js:87:13)
9 verbose stack     at ChildProcess.emit (events.js:172:7)
9 verbose stack     at maybeClose (internal/child_process.js:862:16)
9 verbose stack     at Process.ChildProcess._handle.onexit (internal/child_process.js:222:5)
10 verbose pkgid ads@0.1.0
11 verbose cwd /home/eegodinez/Desktop/Microservices/Ads
12 error Linux 4.4.0-53-generic
13 error argv "/home/eegodinez/.nvm/versions/node/v4.9.1/bin/node" "/home/eegodinez/.nvm/versions/node/v4.9.1/bin/npm" "run" "dev"
14 error node v4.9.1
15 error npm  v2.15.11
16 error file sh
17 error code ELIFECYCLE
18 error errno ENOENT
19 error syscall spawn
20 error ads@0.1.0 dev: `ts-node ./lib/server.ts`
20 error spawn ENOENT
21 error Failed at the ads@0.1.0 dev script 'ts-node ./lib/server.ts'.
21 error This is most likely a problem with the ads package,
21 error not with npm itself.
21 error Tell the author that this fails on your system:
21 error     ts-node ./lib/server.ts
21 error You can get information on how to open an issue for this project with:
21 error     npm bugs ads
21 error Or if that isn't available, you can get their info via:
21 error
21 error     npm owner ls ads
21 error There is likely additional logging output above.
22 verbose exit [ 1, true ]
